app/build/outputs/logs/manifest-merger-debug-report.txt
-- Merging decision tree log ---
manifest
ADDED from src\main\AndroidManifest.xml:2:1-166:12
	package
		ADDED from src\main\AndroidManifest.xml:3:5-41
		INJECTED from src\main\AndroidManifest.xml
		INJECTED from src\main\AndroidManifest.xml
	android:versionName
		ADDED from src\main\AndroidManifest.xml:5:5-30
	android:versionCode
		ADDED from src\main\AndroidManifest.xml:4:5-28
		INJECTED from src\main\AndroidManifest.xml
		INJECTED from src\main\AndroidManifest.xml
	xmlns:android
		ADDED from src\main\AndroidManifest.xml:2:11-69
supports-screens
ADDED from src\main\AndroidManifest.xml:7:5-12:37
	android:largeScreens
		ADDED from src\main\AndroidManifest.xml:11:9-36
	android:smallScreens
		ADDED from src\main\AndroidManifest.xml:9:9-37
	android:normalScreens
		ADDED from src\main\AndroidManifest.xml:10:9-37
	android:xlargeScreens
		ADDED from src\main\AndroidManifest.xml:12:6-34
	android:anyDensity
		ADDED from src\main\AndroidManifest.xml:8:9-34
compatible-screens
ADDED from src\main\AndroidManifest.xml:14:5-43:22
screen#normal+ldpi
ADDED from src\main\AndroidManifest.xml:17:5-19:39
	android:screenDensity
		ADDED from src\main\AndroidManifest.xml:18:9-37
	android:screenSize
		ADDED from src\main\AndroidManifest.xml:19:9-36
screen#normal+mdpi
ADDED from src\main\AndroidManifest.xml:20:5-22:39
	android:screenDensity
		ADDED from src\main\AndroidManifest.xml:21:9-37
	android:screenSize
		ADDED from src\main\AndroidManifest.xml:22:9-36
screen#normal+hdpi
ADDED from src\main\AndroidManifest.xml:23:5-25:39
	android:screenDensity
		ADDED from src\main\AndroidManifest.xml:24:9-37
	android:screenSize
		ADDED from src\main\AndroidManifest.xml:25:9-36
screen#normal+xhdpi
ADDED from src\main\AndroidManifest.xml:26:5-28:39
	android:screenDensity
		ADDED from src\main\AndroidManifest.xml:27:9-38
	android:screenSize
		ADDED from src\main\AndroidManifest.xml:28:9-36
screen#large+hdpi
ADDED from src\main\AndroidManifest.xml:30:5-32:38
	android:screenDensity
		ADDED from src\main\AndroidManifest.xml:31:9-37
	android:screenSize
		ADDED from src\main\AndroidManifest.xml:32:9-35
screen#large+xhdpi
ADDED from src\main\AndroidManifest.xml:33:5-35:38
	android:screenDensity
		ADDED from src\main\AndroidManifest.xml:34:9-38
	android:screenSize
		ADDED from src\main\AndroidManifest.xml:35:9-35
screen#xlarge+xhdpi
ADDED from src\main\AndroidManifest.xml:40:5-42:39
	android:screenDensity
		ADDED from src\main\AndroidManifest.xml:41:9-38
	android:screenSize
		ADDED from src\main\AndroidManifest.xml:42:9-36
uses-sdk
ADDED from src\main\AndroidManifest.xml:45:5-47:41
	android:targetSdkVersion
		ADDED from src\main\AndroidManifest.xml:47:9-38
		INJECTED from src\main\AndroidManifest.xml
		INJECTED from src\main\AndroidManifest.xml
	android:minSdkVersion
		ADDED from src\main\AndroidManifest.xml:46:9-34
		INJECTED from src\main\AndroidManifest.xml
		INJECTED from src\main\AndroidManifest.xml
application
ADDED from src\main\AndroidManifest.xml:60:5-164:19
	android:label
		ADDED from src\main\AndroidManifest.xml:63:9-41
	android:allowBackup
		ADDED from src\main\AndroidManifest.xml:61:9-35
	android:icon
		ADDED from src\main\AndroidManifest.xml:62:9-45
	android:theme
		ADDED from src\main\AndroidManifest.xml:64:9-40
activity#com.blackcat.triporganizer.SplashActivity
ADDED from src\main\AndroidManifest.xml:68:9-77:20
	android:label
		ADDED from src\main\AndroidManifest.xml:70:13-45
	android:theme
		ADDED from src\main\AndroidManifest.xml:71:13-55
	android:name
		ADDED from src\main\AndroidManifest.xml:69:13-69
intent-filter#android.intent.action.MAIN+android.intent.category.LAUNCHER
ADDED from src\main\AndroidManifest.xml:72:13-76:29
action#android.intent.action.MAIN
ADDED from src\main\AndroidManifest.xml:73:17-69
	android:name
		ADDED from src\main\AndroidManifest.xml:73:25-66
category#android.intent.category.LAUNCHER
ADDED from src\main\AndroidManifest.xml:75:17-77
	android:name
		ADDED from src\main\AndroidManifest.xml:75:27-74
activity#com.blackcat.triporganizer.MainMenuActivity
ADDED from src\main\AndroidManifest.xml:78:9-82:20
	android:label
		ADDED from src\main\AndroidManifest.xml:80:13-38
	android:theme
		ADDED from src\main\AndroidManifest.xml:81:13-55
	android:name
		ADDED from src\main\AndroidManifest.xml:79:13-71
activity#com.blackcat.triporganizer.tracker.TrackerMenuActivity
ADDED from src\main\AndroidManifest.xml:83:9-87:20
	android:label
		ADDED from src\main\AndroidManifest.xml:85:13-41
	android:theme
		ADDED from src\main\AndroidManifest.xml:86:13-55
	android:name
		ADDED from src\main\AndroidManifest.xml:84:13-82
activity#com.blackcat.triporganizer.tracker.CreateProfile_1Activity
ADDED from src\main\AndroidManifest.xml:88:9-93:20
	android:label
		ADDED from src\main\AndroidManifest.xml:90:13-51
	android:windowSoftInputMode
		ADDED from src\main\AndroidManifest.xml:92:13-54
	android:theme
		ADDED from src\main\AndroidManifest.xml:91:13-55
	android:name
		ADDED from src\main\AndroidManifest.xml:89:13-86
activity#com.blackcat.triporganizer.tracker.CreateProfile_2Activity
ADDED from src\main\AndroidManifest.xml:94:9-98:20
	android:label
		ADDED from src\main\AndroidManifest.xml:96:13-51
	android:theme
		ADDED from src\main\AndroidManifest.xml:97:13-55
	android:name
		ADDED from src\main\AndroidManifest.xml:95:13-86
activity#com.blackcat.triporganizer.history.HistoryListActivity
ADDED from src\main\AndroidManifest.xml:99:9-103:20
	android:label
		ADDED from src\main\AndroidManifest.xml:101:13-41
	android:theme
		ADDED from src\main\AndroidManifest.xml:102:13-55
	android:name
		ADDED from src\main\AndroidManifest.xml:100:13-82
activity#com.blackcat.triporganizer.history.HistoryViewerActivity
ADDED from src\main\AndroidManifest.xml:104:9-108:20
	android:label
		ADDED from src\main\AndroidManifest.xml:106:13-45
	android:theme
		ADDED from src\main\AndroidManifest.xml:107:13-55
	android:name
		ADDED from src\main\AndroidManifest.xml:105:13-84
activity#com.blackcat.triporganizer.tracker.BudgetTrackerActivity
ADDED from src\main\AndroidManifest.xml:109:9-113:20
	android:label
		ADDED from src\main\AndroidManifest.xml:111:13-43
	android:theme
		ADDED from src\main\AndroidManifest.xml:112:13-55
	android:name
		ADDED from src\main\AndroidManifest.xml:110:13-84
activity#com.blackcat.triporganizer.tracker.PlaceTrackerCheckInActivity
ADDED from src\main\AndroidManifest.xml:114:9-118:20
	android:label
		ADDED from src\main\AndroidManifest.xml:116:13-37
	android:theme
		ADDED from src\main\AndroidManifest.xml:117:13-56
	android:name
		ADDED from src\main\AndroidManifest.xml:115:13-90
activity#com.blackcat.triporganizer.tracker.PlaceTrackerCheckOutActivity
ADDED from src\main\AndroidManifest.xml:119:9-123:20
	android:label
		ADDED from src\main\AndroidManifest.xml:121:13-38
	android:theme
		ADDED from src\main\AndroidManifest.xml:122:13-56
	android:name
		ADDED from src\main\AndroidManifest.xml:120:13-91
activity#com.blackcat.triporganizer.tracker.EnterExpensesActivity
ADDED from src\main\AndroidManifest.xml:124:9-128:20
	android:label
		ADDED from src\main\AndroidManifest.xml:126:13-43
	android:theme
		ADDED from src\main\AndroidManifest.xml:127:13-56
	android:name
		ADDED from src\main\AndroidManifest.xml:125:13-84
activity#com.blackcat.triporganizer.planner.PlannerListwithCreateNewActivity
ADDED from src\main\AndroidManifest.xml:129:9-133:20
	android:label
		ADDED from src\main\AndroidManifest.xml:131:13-46
	android:theme
		ADDED from src\main\AndroidManifest.xml:132:13-55
	android:name
		ADDED from src\main\AndroidManifest.xml:130:13-95
activity#com.blackcat.triporganizer.planner.AddNewTripActivity
ADDED from src\main\AndroidManifest.xml:134:9-138:20
	android:label
		ADDED from src\main\AndroidManifest.xml:136:13-44
	android:theme
		ADDED from src\main\AndroidManifest.xml:137:13-55
	android:name
		ADDED from src\main\AndroidManifest.xml:135:13-81
activity#com.blackcat.triporganizer.planner.AddAditionalPreferencesActivity
ADDED from src\main\AndroidManifest.xml:139:9-143:20
	android:label
		ADDED from src\main\AndroidManifest.xml:141:13-68
	android:theme
		ADDED from src\main\AndroidManifest.xml:142:13-55
	android:name
		ADDED from src\main\AndroidManifest.xml:140:13-94
activity#com.blackcat.triporganizer.planner.PlannerListViewerActivity
ADDED from src\main\AndroidManifest.xml:144:9-148:20
	android:label
		ADDED from src\main\AndroidManifest.xml:146:13-38
	android:theme
		ADDED from src\main\AndroidManifest.xml:147:13-55
	android:name
		ADDED from src\main\AndroidManifest.xml:145:13-88
activity#com.blackcat.triporganizer.history.CheckPlaceViewerActivity
ADDED from src\main\AndroidManifest.xml:149:9-153:20
	android:label
		ADDED from src\main\AndroidManifest.xml:151:13-48
	android:theme
		ADDED from src\main\AndroidManifest.xml:152:13-55
	android:name
		ADDED from src\main\AndroidManifest.xml:150:13-87
activity#com.blackcat.triporganizer.AboutUsActivity
ADDED from src\main\AndroidManifest.xml:154:9-158:20
	android:label
		ADDED from src\main\AndroidManifest.xml:156:13-50
	android:theme
		ADDED from src\main\AndroidManifest.xml:157:13-55
	android:name
		ADDED from src\main\AndroidManifest.xml:155:13-70
activity#com.blackcat.triporganizer.planner.ViaEmailShareActivity
ADDED from src\main\AndroidManifest.xml:159:9-163:20
	android:label
		ADDED from src\main\AndroidManifest.xml:161:13-42
	android:theme
		ADDED from src\main\AndroidManifest.xml:162:13-55
	android:name
		ADDED from src\main\AndroidManifest.xml:160:13-84